<?xml version="1.0" encoding="UTF-8"?>
<!-- Generated by org.testng.reporters.JUnitReportReporter -->
<testsuite skipped="0" hostname="KHANSLTW10" name="com.utah.qa.testcases.LoginPageTest" tests="1" failures="0" timestamp="22 Jan 2018 14:45:40 GMT" time="7.933" errors="0">
  <testcase name="loginpageTitleTest" time="7.933" classname="com.utah.qa.testcases.LoginPageTest"/>
</testsuite> <!-- com.utah.qa.testcases.LoginPageTest -->
